[0930/100723:ERROR:process_info.cc(608)] range at 0xfc242d2800000000, size 0x1ec fully unreadable
[0930/100723:ERROR:process_info.cc(608)] range at 0xfc242d8e00000000, size 0x1ec fully unreadable
[0930/100723:ERROR:process_info.cc(608)] range at 0x0, size 0x1ec fully unreadable
[0930/100723:WARNING:in_range_cast.h(38)] value 2117354134446 out of range
[0930/100723:WARNING:in_range_cast.h(38)] value 2117354131386 out of range
[0930/100723:WARNING:in_range_cast.h(38)] value 2117354134486 out of range
[0930/100723:WARNING:in_range_cast.h(38)] value 2117354131142 out of range
[0930/100723:WARNING:in_range_cast.h(38)] value 2117354593248 out of range
[0930/102357:ERROR:process_info.cc(608)] range at 0x503a2d2800000000, size 0x1f3 fully unreadable
[0930/102357:ERROR:process_info.cc(608)] range at 0x503a2d8e00000000, size 0x1f3 fully unreadable
[0930/102357:ERROR:process_info.cc(608)] range at 0x0, size 0x1f3 fully unreadable
[0930/102357:WARNING:in_range_cast.h(38)] value 2144534666158 out of range
[0930/102357:WARNING:in_range_cast.h(38)] value 2144534663098 out of range
[0930/102357:WARNING:in_range_cast.h(38)] value 2144534666198 out of range
[0930/102357:WARNING:in_range_cast.h(38)] value 2144534662854 out of range
[0930/102357:WARNING:in_range_cast.h(38)] value 2144535114720 out of range
[0930/105840:ERROR:process_info.cc(608)] range at 0x87bf2d2400000000, size 0x204 fully unreadable
[0930/105840:ERROR:process_info.cc(608)] range at 0x87bf2d8a00000000, size 0x204 fully unreadable
[0930/105840:ERROR:process_info.cc(608)] range at 0x0, size 0x204 fully unreadable
[0930/105840:WARNING:in_range_cast.h(38)] value 2218480573358 out of range
[0930/105840:WARNING:in_range_cast.h(38)] value 2218480570298 out of range
[0930/105840:WARNING:in_range_cast.h(38)] value 2218480573398 out of range
[0930/105840:WARNING:in_range_cast.h(38)] value 2218480570054 out of range
[0930/105840:WARNING:in_range_cast.h(38)] value 2218481030432 out of range
[0930/111221:ERROR:process_info.cc(608)] range at 0xf6bf2d2600000000, size 0x2a1 fully unreadable
[0930/111221:ERROR:process_info.cc(608)] range at 0xf6bf2d8c00000000, size 0x2a1 fully unreadable
[0930/111221:ERROR:process_info.cc(608)] range at 0x0, size 0x2a1 fully unreadable
[0930/111221:WARNING:in_range_cast.h(38)] value 2894652709808 out of range
[0930/111221:WARNING:in_range_cast.h(38)] value 2894652706748 out of range
[0930/111221:WARNING:in_range_cast.h(38)] value 2894652709848 out of range
[0930/111221:WARNING:in_range_cast.h(38)] value 2894652706504 out of range
[0930/111221:WARNING:in_range_cast.h(38)] value 2894653157808 out of range
[0930/111451:ERROR:process_info.cc(608)] range at 0x9b8b2d2400000000, size 0x266 fully unreadable
[0930/111451:ERROR:process_info.cc(608)] range at 0x9b8b2d8800000000, size 0x266 fully unreadable
[0930/111451:ERROR:process_info.cc(608)] range at 0x0, size 0x266 fully unreadable
[0930/111451:WARNING:in_range_cast.h(38)] value 2639719504816 out of range
[0930/111451:WARNING:in_range_cast.h(38)] value 2639719501756 out of range
[0930/111451:WARNING:in_range_cast.h(38)] value 2639719504856 out of range
[0930/111451:WARNING:in_range_cast.h(38)] value 2639719501512 out of range
[0930/111451:WARNING:in_range_cast.h(38)] value 2639719964304 out of range
[0930/113317:ERROR:process_info.cc(608)] range at 0x61f62d2600000000, size 0x1e0 fully unreadable
[0930/113317:ERROR:process_info.cc(608)] range at 0x61f62d8c00000000, size 0x1e0 fully unreadable
[0930/113317:ERROR:process_info.cc(608)] range at 0x0, size 0x1e0 fully unreadable
[0930/113317:WARNING:in_range_cast.h(38)] value 2063227820976 out of range
[0930/113317:WARNING:in_range_cast.h(38)] value 2063227817916 out of range
[0930/113317:WARNING:in_range_cast.h(38)] value 2063227821016 out of range
[0930/113317:WARNING:in_range_cast.h(38)] value 2063227817672 out of range
[0930/113317:WARNING:in_range_cast.h(38)] value 2063228275808 out of range
[0930/113832:ERROR:process_info.cc(608)] range at 0x6b4a2d2800000000, size 0x237 fully unreadable
[0930/113832:ERROR:process_info.cc(608)] range at 0x6b4a2d8e00000000, size 0x237 fully unreadable
[0930/113832:ERROR:process_info.cc(608)] range at 0x0, size 0x237 fully unreadable
[0930/113832:WARNING:in_range_cast.h(38)] value 2437046475696 out of range
[0930/113832:WARNING:in_range_cast.h(38)] value 2437046472636 out of range
[0930/113832:WARNING:in_range_cast.h(38)] value 2437046475736 out of range
[0930/113832:WARNING:in_range_cast.h(38)] value 2437046472392 out of range
[0930/113832:WARNING:in_range_cast.h(38)] value 2437046928576 out of range
[0930/113945:ERROR:process_info.cc(608)] range at 0x6c382d2a00000000, size 0x136 fully unreadable
[0930/113945:ERROR:process_info.cc(608)] range at 0x6c382d9000000000, size 0x136 fully unreadable
[0930/113945:ERROR:process_info.cc(608)] range at 0x0, size 0x136 fully unreadable
[0930/113945:WARNING:in_range_cast.h(38)] value 1333255478192 out of range
[0930/113945:WARNING:in_range_cast.h(38)] value 1333255475132 out of range
[0930/113945:WARNING:in_range_cast.h(38)] value 1333255478232 out of range
[0930/113945:WARNING:in_range_cast.h(38)] value 1333255474888 out of range
[0930/113945:WARNING:in_range_cast.h(38)] value 1333255941632 out of range
[0930/114113:ERROR:process_info.cc(608)] range at 0xb8482d2600000000, size 0x167 fully unreadable
[0930/114113:ERROR:process_info.cc(608)] range at 0xb8482d8c00000000, size 0x167 fully unreadable
[0930/114113:ERROR:process_info.cc(608)] range at 0x0, size 0x167 fully unreadable
[0930/114113:WARNING:in_range_cast.h(38)] value 1544984992688 out of range
[0930/114113:WARNING:in_range_cast.h(38)] value 1544984989628 out of range
[0930/114113:WARNING:in_range_cast.h(38)] value 1544984992728 out of range
[0930/114113:WARNING:in_range_cast.h(38)] value 1544984989384 out of range
[0930/114113:WARNING:in_range_cast.h(38)] value 1544985443696 out of range
[0930/114508:ERROR:process_info.cc(608)] range at 0x4ca2d2a00000000, size 0x1cf fully unreadable
[0930/114508:ERROR:process_info.cc(608)] range at 0x4ca2d9000000000, size 0x1cf fully unreadable
[0930/114508:ERROR:process_info.cc(608)] range at 0x0, size 0x1cf fully unreadable
[0930/114508:WARNING:in_range_cast.h(38)] value 1988650212272 out of range
[0930/114508:WARNING:in_range_cast.h(38)] value 1988650209212 out of range
[0930/114508:WARNING:in_range_cast.h(38)] value 1988650212312 out of range
[0930/114508:WARNING:in_range_cast.h(38)] value 1988650208968 out of range
[0930/114508:WARNING:in_range_cast.h(38)] value 1988650675712 out of range
[0930/152241:ERROR:process_info.cc(608)] range at 0x44692d2000000000, size 0x1a4 fully unreadable
[0930/152241:ERROR:process_info.cc(608)] range at 0x44692d8600000000, size 0x1a4 fully unreadable
[0930/152241:ERROR:process_info.cc(608)] range at 0x0, size 0x1a4 fully unreadable
[0930/152241:WARNING:in_range_cast.h(38)] value 1805034003374 out of range
[0930/152241:WARNING:in_range_cast.h(38)] value 1805034000314 out of range
[0930/152241:WARNING:in_range_cast.h(38)] value 1805034003414 out of range
[0930/152241:WARNING:in_range_cast.h(38)] value 1805034000070 out of range
[0930/152241:WARNING:in_range_cast.h(38)] value 1805034457904 out of range
[0930/153300:ERROR:process_reader_win.cc(142)] SuspendThread: 拒绝访问。 (0x5)
[0930/153300:ERROR:process_info.cc(608)] range at 0xc8a72d2800000000, size 0x1ea fully unreadable
[0930/153300:ERROR:process_info.cc(608)] range at 0xc8a72d8e00000000, size 0x1ea fully unreadable
[0930/153300:ERROR:process_info.cc(608)] range at 0x0, size 0x1ea fully unreadable
[0930/153300:WARNING:in_range_cast.h(38)] value 2107900369838 out of range
[0930/153300:WARNING:in_range_cast.h(38)] value 2107900366778 out of range
[0930/153300:WARNING:in_range_cast.h(38)] value 2107900369878 out of range
[0930/153300:WARNING:in_range_cast.h(38)] value 2107900366534 out of range
[0930/153300:WARNING:in_range_cast.h(38)] value 2107900822512 out of range
[0930/154335:ERROR:process_info.cc(608)] range at 0x6e1b2d2600000000, size 0x1c0 fully unreadable
[0930/154335:ERROR:process_info.cc(608)] range at 0x6e1b2d8c00000000, size 0x1c0 fully unreadable
[0930/154335:ERROR:process_info.cc(608)] range at 0x0, size 0x1c0 fully unreadable
[0930/154335:WARNING:in_range_cast.h(38)] value 1925992618928 out of range
[0930/154335:WARNING:in_range_cast.h(38)] value 1925992615868 out of range
[0930/154335:WARNING:in_range_cast.h(38)] value 1925992618968 out of range
[0930/154335:WARNING:in_range_cast.h(38)] value 1925992615624 out of range
[0930/154335:WARNING:in_range_cast.h(38)] value 1925993072000 out of range
[0930/154340:ERROR:process_info.cc(608)] range at 0x15162d2600000000, size 0x1c7 fully unreadable
[0930/154340:ERROR:process_info.cc(608)] range at 0x15162d8a00000000, size 0x1c7 fully unreadable
[0930/154340:ERROR:process_info.cc(608)] range at 0x0, size 0x1c7 fully unreadable
[0930/154340:WARNING:in_range_cast.h(38)] value 1954563890094 out of range
[0930/154340:WARNING:in_range_cast.h(38)] value 1954563887034 out of range
[0930/154340:WARNING:in_range_cast.h(38)] value 1954563890134 out of range
[0930/154340:WARNING:in_range_cast.h(38)] value 1954563886790 out of range
[0930/154340:WARNING:in_range_cast.h(38)] value 1954564341664 out of range
[0930/154550:ERROR:process_info.cc(608)] range at 0x97bd2d2400000000, size 0x1a9 fully unreadable
[0930/154550:ERROR:process_info.cc(608)] range at 0x97bd2d8a00000000, size 0x1a9 fully unreadable
[0930/154550:ERROR:process_info.cc(608)] range at 0x0, size 0x1a9 fully unreadable
[0930/154550:WARNING:in_range_cast.h(38)] value 1827906853808 out of range
[0930/154550:WARNING:in_range_cast.h(38)] value 1827906850748 out of range
[0930/154550:WARNING:in_range_cast.h(38)] value 1827906853848 out of range
[0930/154550:WARNING:in_range_cast.h(38)] value 1827906850504 out of range
[0930/154550:WARNING:in_range_cast.h(38)] value 1827907305632 out of range
[0930/154807:ERROR:process_info.cc(608)] range at 0x3ef42d2600000000, size 0x227 fully unreadable
[0930/154807:ERROR:process_info.cc(608)] range at 0x3ef42d8a00000000, size 0x227 fully unreadable
[0930/154807:ERROR:process_info.cc(608)] range at 0x0, size 0x227 fully unreadable
[0930/154807:WARNING:in_range_cast.h(38)] value 2367583165358 out of range
[0930/154807:WARNING:in_range_cast.h(38)] value 2367583162298 out of range
[0930/154807:WARNING:in_range_cast.h(38)] value 2367583165398 out of range
[0930/154807:WARNING:in_range_cast.h(38)] value 2367583162054 out of range
[0930/154807:WARNING:in_range_cast.h(38)] value 2367583613920 out of range
[0930/155016:ERROR:process_info.cc(608)] range at 0x7f1b2d2400000000, size 0x1f3 fully unreadable
[0930/155016:ERROR:process_info.cc(608)] range at 0x7f1b2d8a00000000, size 0x1f3 fully unreadable
[0930/155016:ERROR:process_info.cc(608)] range at 0x0, size 0x1f3 fully unreadable
[0930/155016:WARNING:in_range_cast.h(38)] value 2145321163694 out of range
[0930/155016:WARNING:in_range_cast.h(38)] value 2145321160634 out of range
[0930/155016:WARNING:in_range_cast.h(38)] value 2145321163734 out of range
[0930/155016:WARNING:in_range_cast.h(38)] value 2145321160390 out of range
[0930/155016:WARNING:in_range_cast.h(38)] value 2145321612256 out of range
[0930/155241:ERROR:process_info.cc(608)] range at 0x15b72d2400000000, size 0x1eb fully unreadable
[0930/155241:ERROR:process_info.cc(608)] range at 0x15b72d8a00000000, size 0x1eb fully unreadable
[0930/155241:ERROR:process_info.cc(608)] range at 0x0, size 0x1eb fully unreadable
[0930/155241:WARNING:in_range_cast.h(38)] value 2109193264046 out of range
[0930/155241:WARNING:in_range_cast.h(38)] value 2109193260986 out of range
[0930/155241:WARNING:in_range_cast.h(38)] value 2109193264086 out of range
[0930/155241:WARNING:in_range_cast.h(38)] value 2109193260742 out of range
[0930/155241:WARNING:in_range_cast.h(38)] value 2109193716720 out of range
[0930/160057:ERROR:process_info.cc(608)] range at 0x33e12d2800000000, size 0x174 fully unreadable
[0930/160057:ERROR:process_info.cc(608)] range at 0x33e12d8e00000000, size 0x174 fully unreadable
[0930/160057:ERROR:process_info.cc(608)] range at 0x0, size 0x174 fully unreadable
[0930/160057:WARNING:in_range_cast.h(38)] value 1598598224814 out of range
[0930/160057:WARNING:in_range_cast.h(38)] value 1598598221754 out of range
[0930/160057:WARNING:in_range_cast.h(38)] value 1598598224854 out of range
[0930/160057:WARNING:in_range_cast.h(38)] value 1598598221510 out of range
[0930/160057:WARNING:in_range_cast.h(38)] value 1598598677488 out of range
[0930/160201:ERROR:process_info.cc(608)] range at 0xcd5f2d1e00000000, size 0x26f fully unreadable
[0930/160201:ERROR:process_info.cc(608)] range at 0xcd5f2d8400000000, size 0x26f fully unreadable
[0930/160201:ERROR:process_info.cc(608)] range at 0x0, size 0x26f fully unreadable
[0930/160201:WARNING:in_range_cast.h(38)] value 2679210187694 out of range
[0930/160201:WARNING:in_range_cast.h(38)] value 2679210184634 out of range
[0930/160201:WARNING:in_range_cast.h(38)] value 2679210187734 out of range
[0930/160201:WARNING:in_range_cast.h(38)] value 2679210184390 out of range
[0930/160201:WARNING:in_range_cast.h(38)] value 2679210642608 out of range
[0930/160747:ERROR:process_info.cc(608)] range at 0xbebd2d2a00000000, size 0x19c fully unreadable
[0930/160747:ERROR:process_info.cc(608)] range at 0xbebd2d9000000000, size 0x19c fully unreadable
[0930/160747:ERROR:process_info.cc(608)] range at 0x0, size 0x19c fully unreadable
[0930/160747:WARNING:in_range_cast.h(38)] value 1772726590384 out of range
[0930/160747:WARNING:in_range_cast.h(38)] value 1772726587324 out of range
[0930/160747:WARNING:in_range_cast.h(38)] value 1772726590424 out of range
[0930/160747:WARNING:in_range_cast.h(38)] value 1772726587080 out of range
[0930/160747:WARNING:in_range_cast.h(38)] value 1772727056832 out of range
[0930/161508:ERROR:process_info.cc(608)] range at 0x46032d2600000000, size 0x263 fully unreadable
[0930/161508:ERROR:process_info.cc(608)] range at 0x46032d8c00000000, size 0x263 fully unreadable
[0930/161508:ERROR:process_info.cc(608)] range at 0x0, size 0x263 fully unreadable
[0930/161508:WARNING:in_range_cast.h(38)] value 2625399626672 out of range
[0930/161508:WARNING:in_range_cast.h(38)] value 2625399623612 out of range
[0930/161508:WARNING:in_range_cast.h(38)] value 2625399626712 out of range
[0930/161508:WARNING:in_range_cast.h(38)] value 2625399623368 out of range
[0930/161508:WARNING:in_range_cast.h(38)] value 2625400077680 out of range
[0930/161723:ERROR:process_info.cc(608)] range at 0x20532d2800000000, size 0x268 fully unreadable
[0930/161723:ERROR:process_info.cc(608)] range at 0x20532d8e00000000, size 0x268 fully unreadable
[0930/161723:ERROR:process_info.cc(608)] range at 0x0, size 0x268 fully unreadable
[0930/161723:WARNING:in_range_cast.h(38)] value 2646242171822 out of range
[0930/161723:WARNING:in_range_cast.h(38)] value 2646242168762 out of range
[0930/161723:WARNING:in_range_cast.h(38)] value 2646242171862 out of range
[0930/161723:WARNING:in_range_cast.h(38)] value 2646242168518 out of range
[0930/161723:WARNING:in_range_cast.h(38)] value 2646242624496 out of range
[0930/162117:ERROR:process_reader_win.cc(142)] SuspendThread: 拒绝访问。 (0x5)
[0930/162117:ERROR:process_reader_win.cc(142)] SuspendThread: 拒绝访问。 (0x5)
[0930/162117:ERROR:process_reader_win.cc(142)] SuspendThread: 拒绝访问。 (0x5)
[0930/162117:ERROR:process_info.cc(608)] range at 0xc4382d2600000000, size 0x1c1 fully unreadable
[0930/162117:ERROR:process_info.cc(608)] range at 0xc4382d8c00000000, size 0x1c1 fully unreadable
[0930/162117:ERROR:process_info.cc(608)] range at 0x0, size 0x1c1 fully unreadable
[0930/162117:WARNING:in_range_cast.h(38)] value 1931732327344 out of range
[0930/162117:WARNING:in_range_cast.h(38)] value 1931732324284 out of range
[0930/162117:WARNING:in_range_cast.h(38)] value 1931732327384 out of range
[0930/162117:WARNING:in_range_cast.h(38)] value 1931732324040 out of range
[0930/162117:WARNING:in_range_cast.h(38)] value 1931732779168 out of range
[0930/162534:ERROR:process_info.cc(608)] range at 0xa6032d2800000000, size 0x2a0 fully unreadable
[0930/162534:ERROR:process_info.cc(608)] range at 0xa6032d8e00000000, size 0x2a0 fully unreadable
[0930/162534:ERROR:process_info.cc(608)] range at 0x0, size 0x2a0 fully unreadable
[0930/162534:WARNING:in_range_cast.h(38)] value 2889003244464 out of range
[0930/162534:WARNING:in_range_cast.h(38)] value 2889003241404 out of range
[0930/162534:WARNING:in_range_cast.h(38)] value 2889003244504 out of range
[0930/162534:WARNING:in_range_cast.h(38)] value 2889003241160 out of range
[0930/162534:WARNING:in_range_cast.h(38)] value 2889003696832 out of range
[0930/163010:ERROR:process_info.cc(608)] range at 0x658c2d2200000000, size 0x263 fully unreadable
[0930/163010:ERROR:process_info.cc(608)] range at 0x658c2d8600000000, size 0x263 fully unreadable
[0930/163010:ERROR:process_info.cc(608)] range at 0x0, size 0x263 fully unreadable
[0930/163010:WARNING:in_range_cast.h(38)] value 2625928698800 out of range
[0930/163010:WARNING:in_range_cast.h(38)] value 2625928695740 out of range
[0930/163010:WARNING:in_range_cast.h(38)] value 2625928698840 out of range
[0930/163010:WARNING:in_range_cast.h(38)] value 2625928695496 out of range
[0930/163010:WARNING:in_range_cast.h(38)] value 2625929157744 out of range
[0930/163627:ERROR:process_info.cc(608)] range at 0x143b2d2600000000, size 0x22c fully unreadable
[0930/163627:ERROR:process_info.cc(608)] range at 0x143b2d8c00000000, size 0x22c fully unreadable
[0930/163627:ERROR:process_info.cc(608)] range at 0x0, size 0x22c fully unreadable
[0930/163627:WARNING:in_range_cast.h(38)] value 2388341234606 out of range
[0930/163627:WARNING:in_range_cast.h(38)] value 2388341231546 out of range
[0930/163627:WARNING:in_range_cast.h(38)] value 2388341234646 out of range
[0930/163627:WARNING:in_range_cast.h(38)] value 2388341231302 out of range
[0930/163627:WARNING:in_range_cast.h(38)] value 2388341688240 out of range
[1031/163711:ERROR:process_info.cc(608)] range at 0x120632f200000000, size 0x2d7 fully unreadable
[1031/163711:ERROR:process_info.cc(608)] range at 0x1206335400000000, size 0x2d7 fully unreadable
[1031/163711:ERROR:process_info.cc(608)] range at 0x0, size 0x2d7 fully unreadable
[1031/163712:WARNING:in_range_cast.h(38)] value 3122743613048 out of range
[1031/163712:WARNING:in_range_cast.h(38)] value 3122743612286 out of range
[1031/163712:WARNING:in_range_cast.h(38)] value 3122743615498 out of range
[1031/163712:WARNING:in_range_cast.h(38)] value 3122743610980 out of range
[1031/163712:WARNING:in_range_cast.h(38)] value 3122743611238 out of range
[1031/163712:ERROR:process_reader_win.cc(233)] ReadMemory at 0xd9eed5f000 of 69632 bytes failed: 仅完成部分的 ReadProcessMemory 或 WriteProcessMemory 请求。 (0x12B)
[1031/163712:ERROR:crash_report_exception_handler.cc(98)] WriteEverything failed
[1031/163712:ERROR:scoped_process_suspend.cc(38)] NtResumeProcess: 已尝试访问正在退出的过程。  (0xc000010a)
[1031/163803:ERROR:process_info.cc(608)] range at 0xc8bf32f600000000, size 0x1f9 fully unreadable
[1031/163803:ERROR:process_info.cc(608)] range at 0xc8bf335a00000000, size 0x1f9 fully unreadable
[1031/163803:ERROR:process_info.cc(608)] range at 0x0, size 0x1f9 fully unreadable
[1031/163803:WARNING:in_range_cast.h(38)] value 2172326450810 out of range
[1031/163803:WARNING:in_range_cast.h(38)] value 2172326450048 out of range
[1031/163803:WARNING:in_range_cast.h(38)] value 2172326453260 out of range
[1031/163803:WARNING:in_range_cast.h(38)] value 2172326448740 out of range
[1031/163803:WARNING:in_range_cast.h(38)] value 2172326449000 out of range
[1031/164315:ERROR:process_info.cc(608)] range at 0x93f332f200000000, size 0x1c3 fully unreadable
[1031/164315:ERROR:process_info.cc(608)] range at 0x93f3335600000000, size 0x1c3 fully unreadable
[1031/164315:ERROR:process_info.cc(608)] range at 0x0, size 0x1c3 fully unreadable
[1031/164315:WARNING:in_range_cast.h(38)] value 1939512432248 out of range
[1031/164315:WARNING:in_range_cast.h(38)] value 1939512431486 out of range
[1031/164315:WARNING:in_range_cast.h(38)] value 1939512434698 out of range
[1031/164315:WARNING:in_range_cast.h(38)] value 1939512430180 out of range
[1031/164315:WARNING:in_range_cast.h(38)] value 1939512430438 out of range
